D:\USERS\DOCUMENTS\李密青\CODES FOR UPLOAD\NSGA-II(SIP)\DEBUG\NSGA-II(SIP).EXE
D:\USERS\DOCUMENTS\李密青\CODES FOR UPLOAD\NSGA-II(SIP)\DEBUG\NSGA-II(SIP).ILK
D:\USERS\DOCUMENTS\李密青\CODES FOR UPLOAD\NSGA-II(SIP)\DEBUG\NSGA-II(SIP).PDB
D:\USERS\DOCUMENTS\李密青\CODES FOR UPLOAD\NSGA-II(SIP)\NSGA-II(SIP)\DEBUG\ALLOCATION.OBJ
D:\Users\Documents\李密青\Codes for Upload\NSGA-II(SIP)\NSGA-II(SIP)\Debug\cl.command.1.tlog
D:\Users\Documents\李密青\Codes for Upload\NSGA-II(SIP)\NSGA-II(SIP)\Debug\CL.read.1.tlog
D:\Users\Documents\李密青\Codes for Upload\NSGA-II(SIP)\NSGA-II(SIP)\Debug\CL.write.1.tlog
D:\USERS\DOCUMENTS\李密青\CODES FOR UPLOAD\NSGA-II(SIP)\NSGA-II(SIP)\DEBUG\CROSSOVER.OBJ
D:\USERS\DOCUMENTS\李密青\CODES FOR UPLOAD\NSGA-II(SIP)\NSGA-II(SIP)\DEBUG\CROWDDISTANCE.OBJ
D:\USERS\DOCUMENTS\李密青\CODES FOR UPLOAD\NSGA-II(SIP)\NSGA-II(SIP)\DEBUG\ENVIRONMENTSELECTION.OBJ
D:\USERS\DOCUMENTS\李密青\CODES FOR UPLOAD\NSGA-II(SIP)\NSGA-II(SIP)\DEBUG\EVALUATION.OBJ
D:\USERS\DOCUMENTS\李密青\CODES FOR UPLOAD\NSGA-II(SIP)\NSGA-II(SIP)\DEBUG\GLOBAL.OBJ
D:\USERS\DOCUMENTS\李密青\CODES FOR UPLOAD\NSGA-II(SIP)\NSGA-II(SIP)\DEBUG\INDIVIDUALCOMPARISON.OBJ
D:\USERS\DOCUMENTS\李密青\CODES FOR UPLOAD\NSGA-II(SIP)\NSGA-II(SIP)\DEBUG\INITIALISATION.OBJ
D:\Users\Documents\李密青\Codes for Upload\NSGA-II(SIP)\NSGA-II(SIP)\Debug\link.6552.read.1.tlog
D:\Users\Documents\李密青\Codes for Upload\NSGA-II(SIP)\NSGA-II(SIP)\Debug\link.6552.write.1.tlog
D:\Users\Documents\李密青\Codes for Upload\NSGA-II(SIP)\NSGA-II(SIP)\Debug\link.6552-cvtres.read.1.tlog
D:\Users\Documents\李密青\Codes for Upload\NSGA-II(SIP)\NSGA-II(SIP)\Debug\link.6552-cvtres.write.1.tlog
D:\Users\Documents\李密青\Codes for Upload\NSGA-II(SIP)\NSGA-II(SIP)\Debug\link.6792.read.1.tlog
D:\Users\Documents\李密青\Codes for Upload\NSGA-II(SIP)\NSGA-II(SIP)\Debug\link.6792.write.1.tlog
D:\Users\Documents\李密青\Codes for Upload\NSGA-II(SIP)\NSGA-II(SIP)\Debug\link.6792-cvtres.read.1.tlog
D:\Users\Documents\李密青\Codes for Upload\NSGA-II(SIP)\NSGA-II(SIP)\Debug\link.6792-cvtres.write.1.tlog
D:\Users\Documents\李密青\Codes for Upload\NSGA-II(SIP)\NSGA-II(SIP)\Debug\link.command.1.tlog
D:\Users\Documents\李密青\Codes for Upload\NSGA-II(SIP)\NSGA-II(SIP)\Debug\link.read.1.tlog
D:\Users\Documents\李密青\Codes for Upload\NSGA-II(SIP)\NSGA-II(SIP)\Debug\link.write.1.tlog
D:\Users\Documents\李密青\Codes for Upload\NSGA-II(SIP)\NSGA-II(SIP)\Debug\link-cvtres.read.1.tlog
D:\Users\Documents\李密青\Codes for Upload\NSGA-II(SIP)\NSGA-II(SIP)\Debug\link-cvtres.write.1.tlog
D:\USERS\DOCUMENTS\李密青\CODES FOR UPLOAD\NSGA-II(SIP)\NSGA-II(SIP)\DEBUG\LIST.OBJ
D:\USERS\DOCUMENTS\李密青\CODES FOR UPLOAD\NSGA-II(SIP)\NSGA-II(SIP)\DEBUG\MAIN.OBJ
D:\USERS\DOCUMENTS\李密青\CODES FOR UPLOAD\NSGA-II(SIP)\NSGA-II(SIP)\DEBUG\MATINGSELECTION.OBJ
D:\USERS\DOCUMENTS\李密青\CODES FOR UPLOAD\NSGA-II(SIP)\NSGA-II(SIP)\DEBUG\MERGING.OBJ
D:\Users\Documents\李密青\Codes for Upload\NSGA-II(SIP)\NSGA-II(SIP)\Debug\mt.command.1.tlog
D:\Users\Documents\李密青\Codes for Upload\NSGA-II(SIP)\NSGA-II(SIP)\Debug\mt.read.1.tlog
D:\Users\Documents\李密青\Codes for Upload\NSGA-II(SIP)\NSGA-II(SIP)\Debug\mt.write.1.tlog
D:\USERS\DOCUMENTS\李密青\CODES FOR UPLOAD\NSGA-II(SIP)\NSGA-II(SIP)\DEBUG\MUTATION.OBJ
D:\USERS\DOCUMENTS\李密青\CODES FOR UPLOAD\NSGA-II(SIP)\NSGA-II(SIP)\DEBUG\NSGA-II(SIP).EXE.EMBED.MANIFEST
D:\USERS\DOCUMENTS\李密青\CODES FOR UPLOAD\NSGA-II(SIP)\NSGA-II(SIP)\DEBUG\NSGA-II(SIP).EXE.EMBED.MANIFEST.RES
D:\USERS\DOCUMENTS\李密青\CODES FOR UPLOAD\NSGA-II(SIP)\NSGA-II(SIP)\DEBUG\NSGA-II(SIP).EXE.INTERMEDIATE.MANIFEST
D:\Users\Documents\李密青\Codes for Upload\NSGA-II(SIP)\NSGA-II(SIP)\Debug\NSGA-II(SIP)_manifest.rc
D:\USERS\DOCUMENTS\李密青\CODES FOR UPLOAD\NSGA-II(SIP)\NSGA-II(SIP)\DEBUG\PROBLEM.OBJ
D:\USERS\DOCUMENTS\李密青\CODES FOR UPLOAD\NSGA-II(SIP)\NSGA-II(SIP)\DEBUG\RANDOM.OBJ
D:\USERS\DOCUMENTS\李密青\CODES FOR UPLOAD\NSGA-II(SIP)\NSGA-II(SIP)\DEBUG\RANK.OBJ
D:\Users\Documents\李密青\Codes for Upload\NSGA-II(SIP)\NSGA-II(SIP)\Debug\rc.command.1.tlog
D:\Users\Documents\李密青\Codes for Upload\NSGA-II(SIP)\NSGA-II(SIP)\Debug\rc.read.1.tlog
D:\Users\Documents\李密青\Codes for Upload\NSGA-II(SIP)\NSGA-II(SIP)\Debug\rc.write.1.tlog
D:\USERS\DOCUMENTS\李密青\CODES FOR UPLOAD\NSGA-II(SIP)\NSGA-II(SIP)\DEBUG\REPORT.OBJ
D:\USERS\DOCUMENTS\李密青\CODES FOR UPLOAD\NSGA-II(SIP)\NSGA-II(SIP)\DEBUG\SORTING.OBJ
D:\Users\Documents\李密青\Codes for Upload\NSGA-II(SIP)\NSGA-II(SIP)\Debug\vc100.idb
D:\USERS\DOCUMENTS\李密青\CODES FOR UPLOAD\NSGA-II(SIP)\NSGA-II(SIP)\DEBUG\VC100.PDB
